<?xml version="1.0" encoding="UTF-8"?>
<!-- Generated by org.testng.reporters.JUnitReportReporter -->
<testsuite hostname="Babloo" failures="0" tests="1" name="testCases.PriceComparator" time="50.383" errors="0" timestamp="26 Dec 2019 18:42:32 GMT" skipped="0">
  <testcase classname="testCases.PriceComparator" name="priceComparatorTestCase" time="50.383"/>
</testsuite> <!-- testCases.PriceComparator -->
